<?xml version="1.0" encoding="UTF-8"?>
<!-- Generated by org.testng.reporters.JUnitXMLReporter -->
<testsuite ignored="0" hostname="CAITPAY-WL0187" failures="0" tests="6" name="BlazeDemoTest" time="72.485" errors="0" timestamp="2023-01-14T21:58:08 EET">
  <testcase classname="com.BlazeDemo.testcases.LoginTest" name="loginTest" time="3.975"/>
  <testcase classname="com.BlazeDemo.testcases.SignupTest" name="signupTest" time="1.966"/>
  <testcase classname="com.BlazeDemo.testcases.AddItemTest" name="addItemTest" time="3.065"/>
  <testcase classname="com.BlazeDemo.testcases.RemoveItemTest" name="removeItemTest" time="6.424"/>
  <testcase classname="com.BlazeDemo.testcases.ItemsInCategoriesTest" name="itemsInCategoriesTest" time="4.34"/>
  <testcase classname="com.BlazeDemo.testcases.CheckoutTest" name="checkoutTest" time="9.682"/>
</testsuite> <!-- BlazeDemoTest -->
